
*** Running vivado
    with args -log v6pcieDMA.vdi -applog -m64 -messageDb vivado.pb -mode batch -source v6pcieDMA.tcl -notrace


****** Vivado v2014.2 (64-bit)
  **** SW Build 932637 on Wed Jun 11 13:08:52 MDT 2014
  **** IP Build 924643 on Fri May 30 09:20:16 MDT 2014
    ** Copyright 1986-2014 Xilinx, Inc. All Rights Reserved.

source v6pcieDMA.tcl -notrace
CRITICAL WARNING: [Board 49-4] Problem parsing board_part file - /opt/Xilinx/Vivado/2014.2/data/boards/board_parts/zynq/zc706/0.9/board_part.xml, The board part 'xc7z045ffg900-2' is either not supported or invalid.
CRITICAL WARNING: [Board 49-4] Problem parsing board_part file - /opt/Xilinx/Vivado/2014.2/data/boards/board_parts/zynq/zc706/1.0/board_part.xml, The board part 'xc7z045ffg900-2' is either not supported or invalid.
CRITICAL WARNING: [Board 49-4] Problem parsing board_part file - /opt/Xilinx/Vivado/2014.2/data/boards/board_parts/kintex7/kc705/0.9/board_part.xml, The board part 'xc7k325tffg900-2' is either not supported or invalid.
CRITICAL WARNING: [Board 49-4] Problem parsing board_part file - /opt/Xilinx/Vivado/2014.2/data/boards/board_parts/kintex7/kc705/1.0/board_part.xml, The board part 'xc7k325tffg900-2' is either not supported or invalid.
Design is defaulting to srcset: sources_1
Design is defaulting to constrset: constrs_1
INFO: [Project 1-454] Reading design checkpoint '/home/vladimir/TESTDIFFAC/cernv1/cernv1.runs/v6_eb_fifo_counted_resized_synth_1/v6_eb_fifo_counted_resized.dcp' for cell 'LoopBack_FIFO_Off.queue_buffer0/U0_B2H'
INFO: [Project 1-454] Reading design checkpoint '/home/vladimir/TESTDIFFAC/cernv1/cernv1.runs/v6_sfifo_15x128_synth_1/v6_sfifo_15x128.dcp' for cell 'theTlpControl/rx_Itf/Downstream_DMA_Engine/DMA_DSP_Buffer'
INFO: [Project 1-454] Reading design checkpoint '/home/vladimir/TESTDIFFAC/cernv1/cernv1.runs/v6_sfifo_15x128_synth_1/v6_sfifo_15x128.dcp' for cell 'theTlpControl/rx_Itf/MRd_Channel/pioCplD_Buffer'
INFO: [Project 1-454] Reading design checkpoint '/home/vladimir/TESTDIFFAC/cernv1/cernv1.runs/v6_sfifo_15x128_synth_1/v6_sfifo_15x128.dcp' for cell 'theTlpControl/rx_Itf/Upstream_DMA_Engine/US_TLP_Buffer'
INFO: [Project 1-454] Reading design checkpoint '/home/vladimir/TESTDIFFAC/cernv1/cernv1.runs/v6_mBuf_128x72_synth_1/v6_mBuf_128x72.dcp' for cell 'theTlpControl/tx_Itf/ABB_Tx_MBuffer'
INFO: [Project 1-454] Reading design checkpoint '/home/vladimir/TESTDIFFAC/cernv1/cernv1.runs/pcie_7x_0_synth_1/pcie_7x_0.dcp' for cell 'make4Lanes.pcieCore/v7_pcie_i/pcie_7x_0_i'
INFO: [Netlist 29-17] Analyzing 455 Unisim elements for replacement
INFO: [Netlist 29-28] Unisim Transformation completed in 0 CPU seconds
INFO: [Project 1-479] Netlist was created with Vivado 2014.2
Loading clock regions from /opt/Xilinx/Vivado/2014.2/data/parts/xilinx/artix7/artix7/xc7a200t/ClockRegion.xml
Loading clock buffers from /opt/Xilinx/Vivado/2014.2/data/parts/xilinx/artix7/artix7/xc7a200t/ClockBuffers.xml
Loading clock placement rules from /opt/Xilinx/Vivado/2014.2/data/parts/xilinx/artix7/ClockPlacerRules.xml
Loading package pin functions from /opt/Xilinx/Vivado/2014.2/data/parts/xilinx/artix7/PinFunctions.xml...
Loading package from /opt/Xilinx/Vivado/2014.2/data/parts/xilinx/artix7/artix7/xc7a200t/fbg676/Package.xml
Loading io standards from /opt/Xilinx/Vivado/2014.2/data/./parts/xilinx/artix7/IOStandards.xml
Loading device configuration modes from /opt/Xilinx/Vivado/2014.2/data/parts/xilinx/artix7/ConfigModes.xml
INFO: [Opt 31-140] Inserted 8 IBUFs to IO ports without IO buffers.
INFO: [Opt 31-141] Inserted 9 OBUFs to IO ports without IO buffers.
Parsing XDC File [/home/vladimir/TESTDIFFAC/cernv1/cernv1.srcs/sources_1/ip/v6_eb_fifo_counted_resized/v6_eb_fifo_counted_resized/v6_eb_fifo_counted_resized.xdc] for cell 'LoopBack_FIFO_Off.queue_buffer0/U0_B2H/U0'
Finished Parsing XDC File [/home/vladimir/TESTDIFFAC/cernv1/cernv1.srcs/sources_1/ip/v6_eb_fifo_counted_resized/v6_eb_fifo_counted_resized/v6_eb_fifo_counted_resized.xdc] for cell 'LoopBack_FIFO_Off.queue_buffer0/U0_B2H/U0'
Parsing XDC File [/home/vladimir/TESTDIFFAC/cernv1/cernv1.srcs/sources_1/ip/v6_sfifo_15x128/v6_sfifo_15x128/v6_sfifo_15x128.xdc] for cell 'theTlpControl/rx_Itf/Downstream_DMA_Engine/DMA_DSP_Buffer/U0'
Finished Parsing XDC File [/home/vladimir/TESTDIFFAC/cernv1/cernv1.srcs/sources_1/ip/v6_sfifo_15x128/v6_sfifo_15x128/v6_sfifo_15x128.xdc] for cell 'theTlpControl/rx_Itf/Downstream_DMA_Engine/DMA_DSP_Buffer/U0'
Parsing XDC File [/home/vladimir/TESTDIFFAC/cernv1/cernv1.srcs/sources_1/ip/v6_sfifo_15x128/v6_sfifo_15x128/v6_sfifo_15x128.xdc] for cell 'theTlpControl/rx_Itf/Upstream_DMA_Engine/US_TLP_Buffer/U0'
Finished Parsing XDC File [/home/vladimir/TESTDIFFAC/cernv1/cernv1.srcs/sources_1/ip/v6_sfifo_15x128/v6_sfifo_15x128/v6_sfifo_15x128.xdc] for cell 'theTlpControl/rx_Itf/Upstream_DMA_Engine/US_TLP_Buffer/U0'
Parsing XDC File [/home/vladimir/TESTDIFFAC/cernv1/cernv1.srcs/sources_1/ip/v6_sfifo_15x128/v6_sfifo_15x128/v6_sfifo_15x128.xdc] for cell 'theTlpControl/rx_Itf/MRd_Channel/pioCplD_Buffer/U0'
Finished Parsing XDC File [/home/vladimir/TESTDIFFAC/cernv1/cernv1.srcs/sources_1/ip/v6_sfifo_15x128/v6_sfifo_15x128/v6_sfifo_15x128.xdc] for cell 'theTlpControl/rx_Itf/MRd_Channel/pioCplD_Buffer/U0'
Parsing XDC File [/home/vladimir/TESTDIFFAC/cernv1/cernv1.srcs/sources_1/ip/v6_mBuf_128x72/v6_mBuf_128x72/v6_mBuf_128x72.xdc] for cell 'theTlpControl/tx_Itf/ABB_Tx_MBuffer/U0'
Finished Parsing XDC File [/home/vladimir/TESTDIFFAC/cernv1/cernv1.srcs/sources_1/ip/v6_mBuf_128x72/v6_mBuf_128x72/v6_mBuf_128x72.xdc] for cell 'theTlpControl/tx_Itf/ABB_Tx_MBuffer/U0'
Parsing XDC File [/home/vladimir/TESTDIFFAC/cernv1/cernv1.srcs/sources_1/ip/pcie_7x_0/source/pcie_7x_0-PCIE_X0Y0.xdc] for cell 'make4Lanes.pcieCore/v7_pcie_i/pcie_7x_0_i/U0'
Finished Parsing XDC File [/home/vladimir/TESTDIFFAC/cernv1/cernv1.srcs/sources_1/ip/pcie_7x_0/source/pcie_7x_0-PCIE_X0Y0.xdc] for cell 'make4Lanes.pcieCore/v7_pcie_i/pcie_7x_0_i/U0'
Parsing XDC File [/home/vladimir/TESTDIFFAC/cernv1/cernv1.srcs/constrs_1/imports/cern.git/ABB3_pcie_4_lane_EMu_FIFO_elink.xdc]
Finished Parsing XDC File [/home/vladimir/TESTDIFFAC/cernv1/cernv1.srcs/constrs_1/imports/cern.git/ABB3_pcie_4_lane_EMu_FIFO_elink.xdc]
INFO: [Project 1-538] Ignoring constraints in dcp '/home/vladimir/TESTDIFFAC/cernv1/cernv1.runs/v6_eb_fifo_counted_resized_synth_1/v6_eb_fifo_counted_resized.dcp'
INFO: [Project 1-538] Ignoring constraints in dcp '/home/vladimir/TESTDIFFAC/cernv1/cernv1.runs/v6_sfifo_15x128_synth_1/v6_sfifo_15x128.dcp'
INFO: [Project 1-538] Ignoring constraints in dcp '/home/vladimir/TESTDIFFAC/cernv1/cernv1.runs/v6_sfifo_15x128_synth_1/v6_sfifo_15x128.dcp'
INFO: [Project 1-538] Ignoring constraints in dcp '/home/vladimir/TESTDIFFAC/cernv1/cernv1.runs/v6_sfifo_15x128_synth_1/v6_sfifo_15x128.dcp'
INFO: [Project 1-538] Ignoring constraints in dcp '/home/vladimir/TESTDIFFAC/cernv1/cernv1.runs/v6_mBuf_128x72_synth_1/v6_mBuf_128x72.dcp'
INFO: [Project 1-538] Ignoring constraints in dcp '/home/vladimir/TESTDIFFAC/cernv1/cernv1.runs/pcie_7x_0_synth_1/pcie_7x_0.dcp'
Parsing XDC File [/home/vladimir/TESTDIFFAC/cernv1/cernv1.srcs/sources_1/ip/v6_eb_fifo_counted_resized/v6_eb_fifo_counted_resized/v6_eb_fifo_counted_resized_clocks.xdc] for cell 'LoopBack_FIFO_Off.queue_buffer0/U0_B2H/U0'
INFO: [Timing 38-35] Done setting XDC timing constraints. [/home/vladimir/TESTDIFFAC/cernv1/cernv1.srcs/sources_1/ip/v6_eb_fifo_counted_resized/v6_eb_fifo_counted_resized/v6_eb_fifo_counted_resized_clocks.xdc:53]
INFO: [Timing 38-2] Deriving generated clocks [/home/vladimir/TESTDIFFAC/cernv1/cernv1.srcs/sources_1/ip/v6_eb_fifo_counted_resized/v6_eb_fifo_counted_resized/v6_eb_fifo_counted_resized_clocks.xdc:53]
WARNING: [Vivado 12-1008] No clocks found for command 'get_clocks -of_objects [get_pins LoopBack_FIFO_Off.queue_buffer0/U0_B2H/U0/wr_clk]'. [/home/vladimir/TESTDIFFAC/cernv1/cernv1.srcs/sources_1/ip/v6_eb_fifo_counted_resized/v6_eb_fifo_counted_resized/v6_eb_fifo_counted_resized_clocks.xdc:53]
INFO: [Vivado 12-626] No clocks found. Please use 'create_clock' or 'create_generated_clock' command to create clocks. [/home/vladimir/TESTDIFFAC/cernv1/cernv1.srcs/sources_1/ip/v6_eb_fifo_counted_resized/v6_eb_fifo_counted_resized/v6_eb_fifo_counted_resized_clocks.xdc:53]
get_clocks: Time (s): cpu = 00:00:11 ; elapsed = 00:00:11 . Memory (MB): peak = 1509.070 ; gain = 434.414
CRITICAL WARNING: [Common 17-55] 'get_property' expects at least one object. [/home/vladimir/TESTDIFFAC/cernv1/cernv1.srcs/sources_1/ip/v6_eb_fifo_counted_resized/v6_eb_fifo_counted_resized/v6_eb_fifo_counted_resized_clocks.xdc:61]
Finished Parsing XDC File [/home/vladimir/TESTDIFFAC/cernv1/cernv1.srcs/sources_1/ip/v6_eb_fifo_counted_resized/v6_eb_fifo_counted_resized/v6_eb_fifo_counted_resized_clocks.xdc] for cell 'LoopBack_FIFO_Off.queue_buffer0/U0_B2H/U0'
INFO: [Opt 31-138] Pushed 0 inverter(s) to 0 load pin(s).
INFO: [Project 1-111] Unisim Transformation Summary:
  A total of 1 instances were transformed.
  IOBUF => IOBUF (IBUF, OBUFT): 1 instances

link_design: Time (s): cpu = 00:00:19 ; elapsed = 00:00:19 . Memory (MB): peak = 1509.070 ; gain = 765.465
Command: opt_design
Attempting to get a license for feature 'Implementation' and/or device 'xc7a200t'
INFO: [Common 17-349] Got license for feature 'Implementation' and/or device 'xc7a200t'
Running DRC as a precondition to command opt_design

Starting DRC Task
INFO: [Drc 23-27] Running DRC with 4 threads
INFO: [Project 1-461] DRC finished with 0 Errors
INFO: [Project 1-462] Please refer to the DRC report (report_drc) for more information.

Time (s): cpu = 00:00:00.36 ; elapsed = 00:00:00.37 . Memory (MB): peak = 1515.074 ; gain = 6.000

Starting Logic Optimization Task

Phase 1 Retarget

INFO: [Opt 31-138] Pushed 4 inverter(s) to 6 load pin(s).
INFO: [Opt 31-49] Retargeted 0 cell(s).
Phase 1 Retarget | Checksum: 1771ab9e1

Time (s): cpu = 00:00:00.80 ; elapsed = 00:00:00.79 . Memory (MB): peak = 1515.074 ; gain = 0.000

Phase 2 Constant Propagation
INFO: [Opt 31-138] Pushed 4 inverter(s) to 4 load pin(s).
INFO: [Opt 31-10] Eliminated 1651 cells.
Phase 2 Constant Propagation | Checksum: 1a8af700b

Time (s): cpu = 00:00:03 ; elapsed = 00:00:03 . Memory (MB): peak = 1515.074 ; gain = 0.000

Phase 3 Sweep
INFO: [Opt 31-12] Eliminated 5976 unconnected nets.
INFO: [Opt 31-140] Inserted 0 IBUFs to IO ports without IO buffers.
INFO: [Opt 31-141] Inserted 0 OBUFs to IO ports without IO buffers.
INFO: [Opt 31-11] Eliminated 2898 unconnected cells.
Phase 3 Sweep | Checksum: ee3525a0

Time (s): cpu = 00:00:05 ; elapsed = 00:00:05 . Memory (MB): peak = 1515.074 ; gain = 0.000
Ending Logic Optimization Task | Checksum: ee3525a0

Time (s): cpu = 00:00:05 ; elapsed = 00:00:05 . Memory (MB): peak = 1515.074 ; gain = 0.000
Implement Debug Cores | Checksum: f293181d
Logic Optimization | Checksum: f293181d

Starting Power Optimization Task
INFO: [Pwropt 34-132] Will skip clock gating for clocks with period < 3.12 ns.
INFO: [Pwropt 34-9] Applying IDT optimizations ...
INFO: [Pwropt 34-10] Applying ODC optimizations ...


Starting PowerOpt Patch Enables Task
INFO: [Pwropt 34-162] WRITE_MODE attribute of 57 BRAM(s) out of a total of 65 has been updated to save power.
    Run report_power_opt to get a complete listing of the BRAMs updated.
INFO: [Pwropt 34-201] Structural ODC has moved 0 WE to EN ports
Number of BRAM Ports augmented: 56 newly gated: 0 Total Ports: 130
Ending PowerOpt Patch Enables Task | Checksum: 13c3dd6ed

Time (s): cpu = 00:00:00.07 ; elapsed = 00:00:00.07 . Memory (MB): peak = 1639.090 ; gain = 0.000
Ending Power Optimization Task | Checksum: 13c3dd6ed

Time (s): cpu = 00:00:07 ; elapsed = 00:00:07 . Memory (MB): peak = 1639.090 ; gain = 124.016
INFO: [Common 17-83] Releasing license: Implementation
40 Infos, 1 Warnings, 5 Critical Warnings and 0 Errors encountered.
opt_design completed successfully
opt_design: Time (s): cpu = 00:00:13 ; elapsed = 00:00:13 . Memory (MB): peak = 1639.090 ; gain = 130.016
Writing XDEF routing.
Writing XDEF routing logical nets.
Writing XDEF routing special nets.
Write XDEF Complete: Time (s): cpu = 00:00:00.19 ; elapsed = 00:00:00.20 . Memory (MB): peak = 1639.094 ; gain = 0.000
Command: place_design
Attempting to get a license for feature 'Implementation' and/or device 'xc7a200t'
INFO: [Common 17-349] Got license for feature 'Implementation' and/or device 'xc7a200t'
Running DRC as a precondition to command place_design
INFO: [Drc 23-27] Running DRC with 4 threads
INFO: [Vivado_Tcl 4-198] DRC finished with 0 Errors
INFO: [Vivado_Tcl 4-199] Please refer to the DRC report (report_drc) for more information.

Starting Placer Task
INFO: [Place 30-611] Multithreading enabled for place_design using a maximum of 4 CPUs

Phase 1 Placer Runtime Estimator
Phase 1 Placer Runtime Estimator | Checksum: bc918472

Time (s): cpu = 00:00:00.12 ; elapsed = 00:00:00.13 . Memory (MB): peak = 1639.094 ; gain = 0.000

Phase 2 Placer Initialization

Phase 2.1 Placer Initialization Core
Netlist sorting complete. Time (s): cpu = 00:00:00.01 ; elapsed = 00:00:00.02 . Memory (MB): peak = 1639.094 ; gain = 0.000

Phase 2.1.1 Mandatory Logic Optimization
INFO: [Opt 31-140] Inserted 0 IBUFs to IO ports without IO buffers.
INFO: [Opt 31-141] Inserted 0 OBUFs to IO ports without IO buffers.
INFO: [Opt 31-138] Pushed 0 inverter(s) to 0 load pin(s).
Netlist sorting complete. Time (s): cpu = 00:00:00.02 ; elapsed = 00:00:00.02 . Memory (MB): peak = 1639.094 ; gain = 0.000
Phase 2.1.1 Mandatory Logic Optimization | Checksum: 7c67fcf0

Time (s): cpu = 00:00:00.56 ; elapsed = 00:00:00.57 . Memory (MB): peak = 1639.094 ; gain = 0.000

Phase 2.1.2 Build Super Logic Region (SLR) Database
Phase 2.1.2 Build Super Logic Region (SLR) Database | Checksum: 7c67fcf0

Time (s): cpu = 00:00:00.60 ; elapsed = 00:00:00.61 . Memory (MB): peak = 1639.094 ; gain = 0.000

Phase 2.1.3 Add Constraints
Phase 2.1.3 Add Constraints | Checksum: 7c67fcf0

Time (s): cpu = 00:00:00.61 ; elapsed = 00:00:00.61 . Memory (MB): peak = 1639.094 ; gain = 0.000

Phase 2.1.4 Build Shapes/ HD Config

Phase 2.1.4.1 Build Macros
Phase 2.1.4.1 Build Macros | Checksum: 9ac845fb

Time (s): cpu = 00:00:02 ; elapsed = 00:00:02 . Memory (MB): peak = 1663.102 ; gain = 24.008
Phase 2.1.4 Build Shapes/ HD Config | Checksum: 9ac845fb

Time (s): cpu = 00:00:02 ; elapsed = 00:00:02 . Memory (MB): peak = 1663.102 ; gain = 24.008

Phase 2.1.5 IO Placement/ Clock Placement/ Build Placer Device

Phase 2.1.5.1 Pre-Place Cells
Phase 2.1.5.1 Pre-Place Cells | Checksum: 7c67fcf0

Time (s): cpu = 00:00:02 ; elapsed = 00:00:02 . Memory (MB): peak = 1663.102 ; gain = 24.008
INFO: [Timing 38-35] Done setting XDC timing constraints.

Phase 2.1.5.2 IO & Clk Clean Up
Phase 2.1.5.2 IO & Clk Clean Up | Checksum: 7c67fcf0

Time (s): cpu = 00:00:06 ; elapsed = 00:00:05 . Memory (MB): peak = 1663.102 ; gain = 24.008

Phase 2.1.5.3 Implementation Feasibility check On IDelay
Phase 2.1.5.3 Implementation Feasibility check On IDelay | Checksum: 7c67fcf0

Time (s): cpu = 00:00:06 ; elapsed = 00:00:05 . Memory (MB): peak = 1663.102 ; gain = 24.008

Phase 2.1.5.4 Commit IO Placement
Phase 2.1.5.4 Commit IO Placement | Checksum: 2b241eb7

Time (s): cpu = 00:00:06 ; elapsed = 00:00:05 . Memory (MB): peak = 1663.102 ; gain = 24.008
Phase 2.1.5 IO Placement/ Clock Placement/ Build Placer Device | Checksum: 498467c2

Time (s): cpu = 00:00:06 ; elapsed = 00:00:05 . Memory (MB): peak = 1663.102 ; gain = 24.008

Phase 2.1.6 Build Placer Netlist Model

Phase 2.1.6.1 Place Init Design

Phase 2.1.6.1.1 Init Lut Pin Assignment
Phase 2.1.6.1.1 Init Lut Pin Assignment | Checksum: 827c1367

Time (s): cpu = 00:00:07 ; elapsed = 00:00:05 . Memory (MB): peak = 1663.102 ; gain = 24.008

Phase 2.1.6.1.2 Build Clock Data
Phase 2.1.6.1.2 Build Clock Data | Checksum: 9b97f96c

Time (s): cpu = 00:00:18 ; elapsed = 00:00:09 . Memory (MB): peak = 1663.102 ; gain = 24.008

Phase 2.1.6.1.3 setBudgets in placeInitDesign
Phase 2.1.6.1.3 setBudgets in placeInitDesign | Checksum: 85105d17

Time (s): cpu = 00:00:18 ; elapsed = 00:00:09 . Memory (MB): peak = 1663.102 ; gain = 24.008
Phase 2.1.6.1 Place Init Design | Checksum: 1050c6b1c

Time (s): cpu = 00:00:18 ; elapsed = 00:00:09 . Memory (MB): peak = 1663.102 ; gain = 24.008
Phase 2.1.6 Build Placer Netlist Model | Checksum: 1050c6b1c

Time (s): cpu = 00:00:18 ; elapsed = 00:00:09 . Memory (MB): peak = 1663.102 ; gain = 24.008

Phase 2.1.7 Constrain Clocks/Macros

Phase 2.1.7.1 Constrain Global/Regional Clocks
Phase 2.1.7.1 Constrain Global/Regional Clocks | Checksum: 1ef6b4dbf

Time (s): cpu = 00:00:18 ; elapsed = 00:00:09 . Memory (MB): peak = 1663.102 ; gain = 24.008
Phase 2.1.7 Constrain Clocks/Macros | Checksum: 1ef6b4dbf

Time (s): cpu = 00:00:18 ; elapsed = 00:00:09 . Memory (MB): peak = 1663.102 ; gain = 24.008
Phase 2.1 Placer Initialization Core | Checksum: 1ef6b4dbf

Time (s): cpu = 00:00:18 ; elapsed = 00:00:09 . Memory (MB): peak = 1663.102 ; gain = 24.008
Phase 2 Placer Initialization | Checksum: 1ef6b4dbf

Time (s): cpu = 00:00:18 ; elapsed = 00:00:09 . Memory (MB): peak = 1663.102 ; gain = 24.008

Phase 3 Global Placement
Phase 3 Global Placement | Checksum: 2c56beeba

Time (s): cpu = 00:00:52 ; elapsed = 00:00:25 . Memory (MB): peak = 1663.102 ; gain = 24.008

Phase 4 Detail Placement

Phase 4.1 Commit Multi Column Macros
Phase 4.1 Commit Multi Column Macros | Checksum: 2c56beeba

Time (s): cpu = 00:00:52 ; elapsed = 00:00:25 . Memory (MB): peak = 1663.102 ; gain = 24.008

Phase 4.2 Commit Most Macros & LUTRAMs
Phase 4.2 Commit Most Macros & LUTRAMs | Checksum: 174e6bb4b

Time (s): cpu = 00:00:57 ; elapsed = 00:00:27 . Memory (MB): peak = 1663.102 ; gain = 24.008

Phase 4.3 Area Swap Optimization
Phase 4.3 Area Swap Optimization | Checksum: 1955ad000

Time (s): cpu = 00:00:57 ; elapsed = 00:00:27 . Memory (MB): peak = 1663.102 ; gain = 24.008

Phase 4.4 Timing Path Optimizer
Phase 4.4 Timing Path Optimizer | Checksum: 1f727c88d

Time (s): cpu = 00:00:59 ; elapsed = 00:00:28 . Memory (MB): peak = 1663.102 ; gain = 24.008

Phase 4.5 Commit Small Macros & Core Logic

Phase 4.5.1 setBudgets
Phase 4.5.1 setBudgets | Checksum: 1b952c746

Time (s): cpu = 00:00:59 ; elapsed = 00:00:28 . Memory (MB): peak = 1663.102 ; gain = 24.008
Phase 4.5 Commit Small Macros & Core Logic | Checksum: 1b08f8707

Time (s): cpu = 00:01:03 ; elapsed = 00:00:31 . Memory (MB): peak = 1687.113 ; gain = 48.020

Phase 4.6 Re-assign LUT pins
Phase 4.6 Re-assign LUT pins | Checksum: 1b08f8707

Time (s): cpu = 00:01:04 ; elapsed = 00:00:32 . Memory (MB): peak = 1687.113 ; gain = 48.020
Phase 4 Detail Placement | Checksum: 1b08f8707

Time (s): cpu = 00:01:04 ; elapsed = 00:00:32 . Memory (MB): peak = 1687.113 ; gain = 48.020

Phase 5 Post Placement Optimization and Clean-Up

Phase 5.1 PCOPT Shape updates
Phase 5.1 PCOPT Shape updates | Checksum: 2b177ef12

Time (s): cpu = 00:01:04 ; elapsed = 00:00:32 . Memory (MB): peak = 1687.113 ; gain = 48.020

Phase 5.2 Post Placement Optimization

Phase 5.2.1 Post Placement Timing Optimization

Phase 5.2.1.1 Restore Best Placement
Phase 5.2.1.1 Restore Best Placement | Checksum: 28c2cc865

Time (s): cpu = 00:02:23 ; elapsed = 00:01:51 . Memory (MB): peak = 1687.113 ; gain = 48.020

Phase 5.2.1.2 updateTiming after Restore Best Placement
Phase 5.2.1.2 updateTiming after Restore Best Placement | Checksum: 28c2cc865

Time (s): cpu = 00:02:23 ; elapsed = 00:01:51 . Memory (MB): peak = 1687.113 ; gain = 48.020
INFO: [Place 30-746] Post Placement Timing Summary WNS=-6.172. For the most accurate timing information please run report_timing.
Phase 5.2.1 Post Placement Timing Optimization | Checksum: 28c2cc865

Time (s): cpu = 00:02:23 ; elapsed = 00:01:51 . Memory (MB): peak = 1687.113 ; gain = 48.020
Phase 5.2 Post Placement Optimization | Checksum: 28c2cc865

Time (s): cpu = 00:02:23 ; elapsed = 00:01:51 . Memory (MB): peak = 1687.113 ; gain = 48.020

Phase 5.3 Post Placement Cleanup
Phase 5.3 Post Placement Cleanup | Checksum: 28c2cc865

Time (s): cpu = 00:02:23 ; elapsed = 00:01:51 . Memory (MB): peak = 1687.113 ; gain = 48.020

Phase 5.4 Placer Reporting

Phase 5.4.1 Restore STA
Phase 5.4.1 Restore STA | Checksum: 28c2cc865

Time (s): cpu = 00:02:24 ; elapsed = 00:01:51 . Memory (MB): peak = 1687.113 ; gain = 48.020
Phase 5.4 Placer Reporting | Checksum: 28c2cc865

Time (s): cpu = 00:02:24 ; elapsed = 00:01:51 . Memory (MB): peak = 1687.113 ; gain = 48.020

Phase 5.5 Final Placement Cleanup
Phase 5.5 Final Placement Cleanup | Checksum: 1c66dcfe6

Time (s): cpu = 00:02:24 ; elapsed = 00:01:51 . Memory (MB): peak = 1687.113 ; gain = 48.020
Phase 5 Post Placement Optimization and Clean-Up | Checksum: 1c66dcfe6

Time (s): cpu = 00:02:24 ; elapsed = 00:01:51 . Memory (MB): peak = 1687.113 ; gain = 48.020
Ending Placer Task | Checksum: 1242b9a88

Time (s): cpu = 00:02:24 ; elapsed = 00:01:51 . Memory (MB): peak = 1687.113 ; gain = 48.020
INFO: [Common 17-83] Releasing license: Implementation
51 Infos, 1 Warnings, 5 Critical Warnings and 0 Errors encountered.
place_design completed successfully
place_design: Time (s): cpu = 00:02:25 ; elapsed = 00:01:52 . Memory (MB): peak = 1687.113 ; gain = 48.020
Writing XDEF routing.
Writing XDEF routing logical nets.
Writing XDEF routing special nets.
Write XDEF Complete: Time (s): cpu = 00:00:00.98 ; elapsed = 00:00:00.99 . Memory (MB): peak = 1687.117 ; gain = 0.000
report_utilization: Time (s): cpu = 00:00:00.26 ; elapsed = 00:00:00.30 . Memory (MB): peak = 1687.117 ; gain = 0.000
Command: route_design
Attempting to get a license for feature 'Implementation' and/or device 'xc7a200t'
INFO: [Common 17-349] Got license for feature 'Implementation' and/or device 'xc7a200t'
Running DRC as a precondition to command route_design
INFO: [Drc 23-27] Running DRC with 4 threads
INFO: [Vivado_Tcl 4-198] DRC finished with 0 Errors
INFO: [Vivado_Tcl 4-199] Please refer to the DRC report (report_drc) for more information.


Starting Routing Task
INFO: [Route 35-254] Multithreading enabled for route_design using a maximum of 4 CPUs

Starting Route Task

Phase 1 Build RT Design
Phase 1 Build RT Design | Checksum: d1544ab9

Time (s): cpu = 00:00:45 ; elapsed = 00:00:36 . Memory (MB): peak = 1871.512 ; gain = 177.398

Phase 2 Router Initialization

Phase 2.1 Create Timer
Phase 2.1 Create Timer | Checksum: d1544ab9

Time (s): cpu = 00:00:45 ; elapsed = 00:00:36 . Memory (MB): peak = 1871.516 ; gain = 177.402
 Number of Nodes with overlaps = 0

Phase 2.2 Update Timing
Phase 2.2 Update Timing | Checksum: 11be81bb1

Time (s): cpu = 00:00:54 ; elapsed = 00:00:41 . Memory (MB): peak = 1919.027 ; gain = 224.914
INFO: [Route 35-57] Estimated Timing Summary | WNS=-5.41  | TNS=-392   | WHS=-2.65  | THS=-745   |

Phase 2 Router Initialization | Checksum: 13ebbc8b9

Time (s): cpu = 00:00:57 ; elapsed = 00:00:42 . Memory (MB): peak = 1919.027 ; gain = 224.914

Phase 3 Initial Routing
Phase 3 Initial Routing | Checksum: a15ef9cb

Time (s): cpu = 00:01:42 ; elapsed = 00:01:01 . Memory (MB): peak = 2135.027 ; gain = 440.914

Phase 4 Rip-up And Reroute

Phase 4.1 Global Iteration 0
 Number of Nodes with overlaps = 1631
 Number of Nodes with overlaps = 158
 Number of Nodes with overlaps = 20
 Number of Nodes with overlaps = 4
 Number of Nodes with overlaps = 3
 Number of Nodes with overlaps = 0

Phase 4.1.1 Update Timing
Phase 4.1.1 Update Timing | Checksum: 1c891be7a

Time (s): cpu = 00:02:01 ; elapsed = 00:01:10 . Memory (MB): peak = 2135.027 ; gain = 440.914
INFO: [Route 35-57] Estimated Timing Summary | WNS=-5.49  | TNS=-1.3e+03| WHS=N/A    | THS=N/A    |


Phase 4.1.2 GlobIterForTiming

Phase 4.1.2.1 Update Timing
Phase 4.1.2.1 Update Timing | Checksum: e106da6a

Time (s): cpu = 00:02:01 ; elapsed = 00:01:10 . Memory (MB): peak = 2135.027 ; gain = 440.914

Phase 4.1.2.2 Fast Budgeting
Phase 4.1.2.2 Fast Budgeting | Checksum: e106da6a

Time (s): cpu = 00:02:02 ; elapsed = 00:01:11 . Memory (MB): peak = 2135.027 ; gain = 440.914
Phase 4.1.2 GlobIterForTiming | Checksum: 16599b485

Time (s): cpu = 00:02:02 ; elapsed = 00:01:11 . Memory (MB): peak = 2135.027 ; gain = 440.914
Phase 4.1 Global Iteration 0 | Checksum: 16599b485

Time (s): cpu = 00:02:02 ; elapsed = 00:01:11 . Memory (MB): peak = 2135.027 ; gain = 440.914

Phase 4.2 Global Iteration 1
 Number of Nodes with overlaps = 18
 Number of Nodes with overlaps = 0

Phase 4.2.1 Update Timing
Phase 4.2.1 Update Timing | Checksum: 17d540a15

Time (s): cpu = 00:02:03 ; elapsed = 00:01:12 . Memory (MB): peak = 2135.027 ; gain = 440.914
INFO: [Route 35-57] Estimated Timing Summary | WNS=-5.53  | TNS=-1.29e+03| WHS=N/A    | THS=N/A    |

Phase 4.2 Global Iteration 1 | Checksum: 196ae5967

Time (s): cpu = 00:02:03 ; elapsed = 00:01:12 . Memory (MB): peak = 2135.027 ; gain = 440.914
Phase 4 Rip-up And Reroute | Checksum: 196ae5967

Time (s): cpu = 00:02:03 ; elapsed = 00:01:12 . Memory (MB): peak = 2135.027 ; gain = 440.914

Phase 5 Delay CleanUp

Phase 5.1 Update Timing
Phase 5.1 Update Timing | Checksum: 196ae5967

Time (s): cpu = 00:02:04 ; elapsed = 00:01:12 . Memory (MB): peak = 2135.027 ; gain = 440.914
INFO: [Route 35-57] Estimated Timing Summary | WNS=-5.49  | TNS=-1.2e+03| WHS=N/A    | THS=N/A    |

 Number of Nodes with overlaps = 0
Phase 5 Delay CleanUp | Checksum: 11632f24a

Time (s): cpu = 00:02:20 ; elapsed = 00:01:17 . Memory (MB): peak = 2135.027 ; gain = 440.914

Phase 6 Clock Skew Optimization
Phase 6 Clock Skew Optimization | Checksum: 11632f24a

Time (s): cpu = 00:02:20 ; elapsed = 00:01:17 . Memory (MB): peak = 2135.027 ; gain = 440.914

Phase 7 Post Hold Fix

Phase 7.1 Update Timing
Phase 7.1 Update Timing | Checksum: 11632f24a

Time (s): cpu = 00:02:22 ; elapsed = 00:01:18 . Memory (MB): peak = 2135.027 ; gain = 440.914
INFO: [Route 35-57] Estimated Timing Summary | WNS=-5.49  | TNS=-1.18e+03| WHS=-0.817 | THS=-2.55  |

Phase 7 Post Hold Fix | Checksum: 143128fb7

Time (s): cpu = 00:02:22 ; elapsed = 00:01:19 . Memory (MB): peak = 2135.027 ; gain = 440.914

Phase 8 Route finalize

Router Utilization Summary
  Global Vertical Routing Utilization    = 2.03802 %
  Global Horizontal Routing Utilization  = 2.51249 %
  Routable Net Status*
  *Does not include unroutable nets such as driverless and loadless.
  Run report_route_status for detailed report.
  Number of Failed Nets               = 0
  Number of Unrouted Nets             = 0
  Number of Partially Routed Nets     = 0
  Number of Node Overlaps             = 0

Congestion Report
North Dir 1x1 Area, Max Cong = 64.8649%, No Congested Regions.
South Dir 1x1 Area, Max Cong = 74.7748%, No Congested Regions.
East Dir 1x1 Area, Max Cong = 82.3529%, No Congested Regions.
West Dir 1x1 Area, Max Cong = 73.5294%, No Congested Regions.
Phase 8 Route finalize | Checksum: 143128fb7

Time (s): cpu = 00:02:23 ; elapsed = 00:01:19 . Memory (MB): peak = 2135.027 ; gain = 440.914

Phase 9 Verifying routed nets

 Verification completed successfully
Phase 9 Verifying routed nets | Checksum: 143128fb7

Time (s): cpu = 00:02:23 ; elapsed = 00:01:19 . Memory (MB): peak = 2135.027 ; gain = 440.914

Phase 10 Depositing Routes
Phase 10 Depositing Routes | Checksum: b933bf04

Time (s): cpu = 00:02:23 ; elapsed = 00:01:19 . Memory (MB): peak = 2135.027 ; gain = 440.914

Phase 11 Post Router Timing

Phase 11.1 Update Timing
Phase 11.1 Update Timing | Checksum: b933bf04

Time (s): cpu = 00:02:25 ; elapsed = 00:01:20 . Memory (MB): peak = 2135.027 ; gain = 440.914
INFO: [Route 35-57] Estimated Timing Summary | WNS=-5.49  | TNS=-1.19e+03| WHS=0.051  | THS=0      |

WARNING: [Route 35-328] Router estimated timing not met.
Resolution: For a complete and accurate timing signoff, report_timing_summary must be run after route_design. Alternatively, route_design can be run with the -timing_summary option to enable a complete timing signoff at the end of route_design.
Phase 11 Post Router Timing | Checksum: b933bf04

Time (s): cpu = 00:02:25 ; elapsed = 00:01:20 . Memory (MB): peak = 2135.027 ; gain = 440.914
INFO: [Route 35-16] Router Completed Successfully
Ending Route Task | Checksum: b933bf04

Time (s): cpu = 00:02:25 ; elapsed = 00:01:20 . Memory (MB): peak = 2135.027 ; gain = 440.914

Routing Is Done.

Time (s): cpu = 00:02:25 ; elapsed = 00:01:20 . Memory (MB): peak = 2135.031 ; gain = 440.918
INFO: [Common 17-83] Releasing license: Implementation
64 Infos, 2 Warnings, 5 Critical Warnings and 0 Errors encountered.
route_design completed successfully
route_design: Time (s): cpu = 00:02:28 ; elapsed = 00:01:22 . Memory (MB): peak = 2135.031 ; gain = 447.914
Writing XDEF routing.
Writing XDEF routing logical nets.
Writing XDEF routing special nets.
Write XDEF Complete: Time (s): cpu = 00:00:01 ; elapsed = 00:00:01 . Memory (MB): peak = 2135.031 ; gain = 0.000
INFO: [Drc 23-27] Running DRC with 4 threads
INFO: [Coretcl 2-168] The results of DRC are in file /home/vladimir/TESTDIFFAC/cernv1/cernv1.runs/impl_1/v6pcieDMA_drc_routed.rpt.
INFO: [Timing 38-91] UpdateTimingParams: Speed grade: -2, Delay Type: min_max, Constraints type: SDC.
INFO: [Timing 38-191] Multithreading enabled for timing update using a maximum of 4 CPUs
CRITICAL WARNING: [Timing 38-282] The design failed to meet the timing requirements. Please see the timing summary report for details on the timing violations.
Running Vector-less Activity Propagation...

Finished Running Vector-less Activity Propagation
WARNING: [Power 33-218] MMCM/PLL RST static_probability should be either 0 or 1, power analysis is using 0 by default.
Use 'set_switching_activity -static_probability 1 -signal_rate 0 [get_nets cmp_fmc_adc_100Ms_core/cmp_adc_serdes/O1]'  to set the static_probability to '1'  if desired.
Attempting to get a license for feature 'Implementation' and/or device 'xc7a200t'
INFO: [Common 17-349] Got license for feature 'Implementation' and/or device 'xc7a200t'
Running DRC as a precondition to command write_bitstream
INFO: [Drc 23-27] Running DRC with 4 threads
INFO: [Vivado 12-3199] DRC finished with 0 Errors, 31 Warnings
INFO: [Vivado 12-3200] Please refer to the DRC report (report_drc) for more information.
Loading data files...
Loading site data...
Loading route data...
Processing options...
Creating bitmap...
Creating bitstream...
Writing bitstream ./v6pcieDMA.bit...
INFO: [Vivado 12-1842] Bitgen Completed Successfully.
INFO: [Project 1-120] WebTalk data collection is mandatory for users of free Webpack licenses. To see the specific WebTalk data collected for your design, open the usage_statistics_webtalk.html or usage_statistics_webtalk.xml file in the implementation directory.
INFO: [Common 17-185] WebTalk report has not been sent to Xilinx. Please check your network and proxy settings.
INFO: [Common 17-83] Releasing license: Implementation
write_bitstream: Time (s): cpu = 00:00:48 ; elapsed = 00:00:50 . Memory (MB): peak = 2307.289 ; gain = 172.258
INFO: [Common 17-206] Exiting Vivado at Wed Feb 11 16:05:37 2015...

*** Running vivado
    with args -log v6pcieDMA.vdi -applog -m64 -messageDb vivado.pb -mode batch -source v6pcieDMA.tcl -notrace


****** Vivado v2014.2 (64-bit)
  **** SW Build 932637 on Wed Jun 11 13:08:52 MDT 2014
  **** IP Build 924643 on Fri May 30 09:20:16 MDT 2014
    ** Copyright 1986-2014 Xilinx, Inc. All Rights Reserved.

source v6pcieDMA.tcl -notrace
Command: open_checkpoint v6pcieDMA_routed.dcp
CRITICAL WARNING: [Board 49-4] Problem parsing board_part file - /opt/Xilinx/Vivado/2014.2/data/boards/board_parts/zynq/zc706/0.9/board_part.xml, The board part 'xc7z045ffg900-2' is either not supported or invalid.
CRITICAL WARNING: [Board 49-4] Problem parsing board_part file - /opt/Xilinx/Vivado/2014.2/data/boards/board_parts/zynq/zc706/1.0/board_part.xml, The board part 'xc7z045ffg900-2' is either not supported or invalid.
CRITICAL WARNING: [Board 49-4] Problem parsing board_part file - /opt/Xilinx/Vivado/2014.2/data/boards/board_parts/kintex7/kc705/0.9/board_part.xml, The board part 'xc7k325tffg900-2' is either not supported or invalid.
CRITICAL WARNING: [Board 49-4] Problem parsing board_part file - /opt/Xilinx/Vivado/2014.2/data/boards/board_parts/kintex7/kc705/1.0/board_part.xml, The board part 'xc7k325tffg900-2' is either not supported or invalid.
INFO: [Netlist 29-17] Analyzing 371 Unisim elements for replacement
INFO: [Netlist 29-28] Unisim Transformation completed in 0 CPU seconds
INFO: [Project 1-479] Netlist was created with Vivado 2014.2
Loading clock regions from /opt/Xilinx/Vivado/2014.2/data/parts/xilinx/artix7/artix7/xc7a200t/ClockRegion.xml
Loading clock buffers from /opt/Xilinx/Vivado/2014.2/data/parts/xilinx/artix7/artix7/xc7a200t/ClockBuffers.xml
Loading clock placement rules from /opt/Xilinx/Vivado/2014.2/data/parts/xilinx/artix7/ClockPlacerRules.xml
Loading package pin functions from /opt/Xilinx/Vivado/2014.2/data/parts/xilinx/artix7/PinFunctions.xml...
Loading package from /opt/Xilinx/Vivado/2014.2/data/parts/xilinx/artix7/artix7/xc7a200t/fbg676/Package.xml
Loading io standards from /opt/Xilinx/Vivado/2014.2/data/./parts/xilinx/artix7/IOStandards.xml
Loading device configuration modes from /opt/Xilinx/Vivado/2014.2/data/parts/xilinx/artix7/ConfigModes.xml
Parsing XDC File [/home/vladimir/TESTDIFFAC/cernv1/cernv1.runs/impl_1/.Xil/Vivado-1824-ubuntu/dcp/v6pcieDMA_early.xdc]
Finished Parsing XDC File [/home/vladimir/TESTDIFFAC/cernv1/cernv1.runs/impl_1/.Xil/Vivado-1824-ubuntu/dcp/v6pcieDMA_early.xdc]
Parsing XDC File [/home/vladimir/TESTDIFFAC/cernv1/cernv1.runs/impl_1/.Xil/Vivado-1824-ubuntu/dcp/v6pcieDMA.xdc]
Finished Parsing XDC File [/home/vladimir/TESTDIFFAC/cernv1/cernv1.runs/impl_1/.Xil/Vivado-1824-ubuntu/dcp/v6pcieDMA.xdc]
Parsing XDC File [/home/vladimir/TESTDIFFAC/cernv1/cernv1.runs/impl_1/.Xil/Vivado-1824-ubuntu/dcp/v6pcieDMA_late.xdc]
Finished Parsing XDC File [/home/vladimir/TESTDIFFAC/cernv1/cernv1.runs/impl_1/.Xil/Vivado-1824-ubuntu/dcp/v6pcieDMA_late.xdc]
Reading XDEF placement.
Reading XDEF routing.
Read XDEF File: Time (s): cpu = 00:00:00.62 ; elapsed = 00:00:00.61 . Memory (MB): peak = 1070.199 ; gain = 9.000
Restoring placement.
Restored 2702 out of 2702 XDEF sites from archive | CPU: 2.140000 secs | Memory: 22.738579 MB |
INFO: [Opt 31-138] Pushed 0 inverter(s) to 0 load pin(s).
INFO: [Project 1-111] Unisim Transformation Summary:
  A total of 1 instances were transformed.
  IOBUF => IOBUF (IBUF, OBUFT): 1 instances

INFO: [Project 1-484] Checkpoint was created with build 932637
open_checkpoint: Time (s): cpu = 00:00:10 ; elapsed = 00:00:10 . Memory (MB): peak = 1081.199 ; gain = 348.609
Attempting to get a license for feature 'Implementation' and/or device 'xc7a200t'
INFO: [Common 17-349] Got license for feature 'Implementation' and/or device 'xc7a200t'
Running DRC as a precondition to command write_bitstream
INFO: [Drc 23-27] Running DRC with 4 threads
INFO: [Vivado 12-3199] DRC finished with 0 Errors, 31 Warnings
INFO: [Vivado 12-3200] Please refer to the DRC report (report_drc) for more information.
Loading data files...
Loading site data...
Loading route data...
Processing options...
Creating bitmap...
Creating bitstream...
Writing bitstream ./v6pcieDMA.bit...
INFO: [Vivado 12-1842] Bitgen Completed Successfully.
INFO: [Project 1-120] WebTalk data collection is mandatory for users of free Webpack licenses. To see the specific WebTalk data collected for your design, open the usage_statistics_webtalk.html or usage_statistics_webtalk.xml file in the implementation directory.
INFO: [Common 17-185] WebTalk report has not been sent to Xilinx. Please check your network and proxy settings.
INFO: [Common 17-83] Releasing license: Implementation
write_bitstream: Time (s): cpu = 00:00:56 ; elapsed = 00:00:57 . Memory (MB): peak = 1489.676 ; gain = 408.477
INFO: [Common 17-206] Exiting Vivado at Wed Feb 11 16:28:07 2015...
